#
# A fatal error has been detected by the Java Runtime Environment:
#
#  SIGSEGV (0xb) at pc=0x000000010916a982, pid=5323, tid=0x0000000000000307
#
# JRE version: Java(TM) SE Runtime Environment (8.0_181-b13) (build 1.8.0_181-b13)
# Java VM: Java HotSpot(TM) 64-Bit Server VM (25.181-b13 mixed mode bsd-amd64 compressed oops)
# Problematic frame:
# V  [libjvm.dylib+0x16a982]
#
# Failed to write core dump. Core dumps have been disabled. To enable core dumping, try "ulimit -c unlimited" before starting Java again
#
# If you would like to submit a bug report, please visit:
#   http://bugreport.java.com/bugreport/crash.jsp
#

---------------  T H R E A D  ---------------

Current thread is native thread

siginfo: si_signo: 11 (SIGSEGV), si_code: 1 (SEGV_MAPERR), si_addr: 0x0000000000000270

Registers:
RAX=0x0000000000000000, RBX=0x0000000000000000, RCX=0x0000000109837720, RDX=0x0000000000000000
RSP=0x00007ffee7482b00, RBP=0x00007ffee7482b10, RSI=0x0000000000000006, RDI=0x00007ffee7482b20
R8 =0x0000000000000000, R9 =0x0000000000022068, R10=0x00007fffa9df3ed8, R11=0x00007fb5a4c5cef0
R12=0x00007fb5a69701f8, R13=0x00007fb5a8a00c40, R14=0x00007fb5a4db5db0, R15=0x00007fb5a69701f8
RIP=0x000000010916a982, EFLAGS=0x0000000000010246, ERR=0x0000000000000006
  TRAPNO=0x000000000000000e

Top of Stack: (sp=0x00007ffee7482b00)
0x00007ffee7482b00:   0000000000000000 00007fb5a4db5db0
0x00007ffee7482b10:   00007ffee7482b40 0000000109316612
0x00007ffee7482b20:   0000000000000000 00007fb5a7687380
0x00007ffee7482b30:   0000000000000008 00007fb5a7697060
0x00007ffee7482b40:   00007ffee7482b60 00007fff52ebce4e
0x00007ffee7482b50:   00007fb5a69701f8 00007fb5a5319400
0x00007ffee7482b60:   00007ffee7482b80 00007fff52ebcc5b
0x00007ffee7482b70:   00007fb5a7687300 00007fb5a4d8edb0
0x00007ffee7482b80:   00007ffee7482be0 0000000111f64bbb
0x00007ffee7482b90:   00000000443cc000 0000000000000000
0x00007ffee7482ba0:   40f25e1331344d20 0000000000000000
0x00007ffee7482bb0:   0000000043bcc000 00007fff75df1e80
0x00007ffee7482bc0:   00007fb5a7697060 00007fb5a8a00c40
0x00007ffee7482bd0:   00007fb5a7644400 00007fb5a5319400
0x00007ffee7482be0:   00007ffee7482c90 00007fff5a49c622
0x00007ffee7482bf0:   00007fb5a7697060 0000000000000000
0x00007ffee7482c00:   0000000000000000 00007fb5a7697060
0x00007ffee7482c10:   0000000000000000 0000000000000000
0x00007ffee7482c20:   00007ffee7482c70 000002f300000004
0x00007ffee7482c30:   0000000000000000 40f25e1331344d20
0x00007ffee7482c40:   00007fb5a4c69010 0000000000000000
0x00007ffee7482c50:   0000000000000000 00007ffee7482c70
0x00007ffee7482c60:   00007fb5a7697060 00007fff75df1e80
0x00007ffee7482c70:   0000000000000004 0000000000000000
0x00007ffee7482c80:   00007fb5a7697060 00007fff4d5e870a
0x00007ffee7482c90:   00007ffee7482d00 00007fff5a49bc83
0x00007ffee7482ca0:   0000000000000000 0000000000000000
0x00007ffee7482cb0:   4092040000000000 4087980000000000
0x00007ffee7482cc0:   4087980000000000 4092040000000000
0x00007ffee7482cd0:   3ff0000000000000 00007ffee7482dd0
0x00007ffee7482ce0:   00007fff75df1e80 0000000000000000
0x00007ffee7482cf0:   00007fff4d5ea705 00007fb5a7500ed0 

Instructions: (pc=0x000000010916a982)
0x000000010916a962:   0e 48 8b 0b 49 8b 56 18 48 63 c0 48 89 0c c2 5b
0x000000010916a972:   41 5e 5d c3 90 90 55 48 89 e5 41 56 53 48 8b 1f
0x000000010916a982:   c7 83 70 02 00 00 05 00 00 00 48 8d 05 c5 e8 78
0x000000010916a992:   00 8b 00 83 f8 01 41 89 f6 75 0c 48 8d 0d 02 54 

Register to memory mapping:

RAX=0x0000000000000000 is an unknown value
RBX=0x0000000000000000 is an unknown value
RCX=0x0000000109837720: jni_NativeInterface+0 in /Library/Java/JavaVirtualMachines/jdk1.8.0_181.jdk/Contents/Home/jre/lib/server/libjvm.dylib at 0x0000000109000000
RDX=0x0000000000000000 is an unknown value
RSP=0x00007ffee7482b00 is an unknown value
RBP=0x00007ffee7482b10 is an unknown value
RSI=0x0000000000000006 is an unknown value
RDI=0x00007ffee7482b20 is an unknown value
R8 =0x0000000000000000 is an unknown value
R9 =0x0000000000022068 is an unknown value
R10=0x00007fffa9df3ed8: OBJC_CLASS_$_JNFWeakJObjectWrapper+0 in /System/Library/Frameworks/JavaVM.framework/Versions/A/Frameworks/JavaNativeFoundation.framework/Versions/A/JavaNativeFoundation at 0x00007fff52eb6000
R11=0x00007fb5a4c5cef0 is an unknown value
R12=0x00007fb5a69701f8 is an unknown value
R13=0x00007fb5a8a00c40 is an unknown value
R14=0x00007fb5a4db5db0 is a weak global jni handle
R15=0x00007fb5a69701f8 is an unknown value


Stack: [0x00007ffee6c87000,0x00007ffee7487000],  sp=0x00007ffee7482b00,  free space=8174k
Native frames: (J=compiled Java code, j=interpreted, Vv=VM code, C=native code)
V  [libjvm.dylib+0x16a982]
V  [libjvm.dylib+0x316612]
C  [JavaNativeFoundation+0x6e4e]  -[JNFWeakJObjectWrapper _getWithEnv:]+0x26
C  [JavaNativeFoundation+0x6c5b]  -[JNFJObjectWrapper jObjectWithEnv:]+0x16
C  [libawt_lwawt.dylib+0x1abbb]  -[CGLLayer drawInCGLContext:pixelFormat:forLayerTime:displayTime:]+0xa4
C  [QuartzCore+0x71622]  _ZL17CAOpenGLLayerDrawP13CAOpenGLLayerdPK11CVTimeStampj+0x7a7
C  [QuartzCore+0x70c83]  -[CAOpenGLLayer _display]+0x235
C  [QuartzCore+0x11a61]  _ZN2CA5Layer17display_if_neededEPNS_11TransactionE+0x279
C  [QuartzCore+0x1150f]  _ZN2CA5Layer28layout_and_display_if_neededEPNS_11TransactionE+0x23
C  [QuartzCore+0x10641]  _ZN2CA7Context18commit_transactionEPNS_11TransactionE+0x13f
C  [QuartzCore+0x101f5]  _ZN2CA11Transaction6commitEv+0x1e7
C  [QuartzCore+0x1bb3a]  _ZN2CA11Transaction17observer_callbackEP19__CFRunLoopObservermPv+0x42
C  [CoreFoundation+0x9f4d7]  __CFRUNLOOP_IS_CALLING_OUT_TO_AN_OBSERVER_CALLBACK_FUNCTION__+0x17
C  [CoreFoundation+0x9f3ff]  __CFRunLoopDoObservers+0x1ff
C  [CoreFoundation+0x82070]  __CFRunLoopRun+0x640
C  [CoreFoundation+0x81797]  CFRunLoopRunSpecific+0x1e7
C  [java+0x646e]  CreateExecutionEnvironment+0x367
C  [java+0x203c]  JLI_Launch+0x7a0
C  [java+0x84cb]  main+0x65
C  [java+0x1894]  start+0x34


---------------  P R O C E S S  ---------------

VM state:not at safepoint (normal execution)

VM Mutex/Monitor currently owned by a thread: None

Heap:
 PSYoungGen      total 18944K, used 11594K [0x00000007aab00000, 0x00000007ac000000, 0x00000007c0000000)
  eden space 16384K, 55% used [0x00000007aab00000,0x00000007ab3da960,0x00000007abb00000)
  from space 2560K, 98% used [0x00000007abd80000,0x00000007abff8020,0x00000007ac000000)
  to   space 2560K, 0% used [0x00000007abb00000,0x00000007abb00000,0x00000007abd80000)
 ParOldGen       total 44032K, used 5757K [0x0000000780000000, 0x0000000782b00000, 0x00000007aab00000)
  object space 44032K, 13% used [0x0000000780000000,0x000000078059f708,0x0000000782b00000)
 Metaspace       used 17880K, capacity 18460K, committed 18560K, reserved 1064960K
  class space    used 2420K, capacity 2606K, committed 2688K, reserved 1048576K

Card table byte_map: [0x000000010a3f3000,0x000000010a5f4000] byte_map_base: 0x00000001067f3000

Marking Bits: (ParMarkBitMap*) 0x00000001098f9cd0
 Begin Bits: [0x000000010a74a000, 0x000000010b74a000)
 End Bits:   [0x000000010b74a000, 0x000000010c74a000)

Polling page: 0x00000001087f2000

CodeCache: size=245760Kb used=6152Kb max_used=6180Kb free=239607Kb
 bounds [0x0000000115ae9000, 0x00000001160f9000, 0x0000000124ae9000]
 total_blobs=2419 nmethods=1771 adapters=560
 compilation: enabled

Compilation events (10 events):
Event: 8.503 Thread 0x00007fb5a5857800 1877       3       javax.swing.JComponent::getMaximumSize (43 bytes)
Event: 8.504 Thread 0x00007fb5a5857800 nmethod 1877 0x00000001160de410 code [0x00000001160de5a0, 0x00000001160de9a8]
Event: 8.504 Thread 0x00007fb5a5857800 1886       3       com.apple.laf.AquaButtonUI$AquaButtonListener::ancestorMoved (1 bytes)
Event: 8.504 Thread 0x00007fb5a5857800 nmethod 1886 0x00000001160dead0 code [0x00000001160dec20, 0x00000001160ded70]
Event: 8.504 Thread 0x00007fb5a5857800 1884       1       javax.swing.JComboBox::getPrototypeDisplayValue (5 bytes)
Event: 8.504 Thread 0x00007fb5a5857800 nmethod 1884 0x0000000115de3f90 code [0x0000000115de40e0, 0x0000000115de41f0]
Event: 8.504 Thread 0x00007fb5a5857800 1876   !   3       java.awt.Container::preferredSize (88 bytes)
Event: 8.505 Thread 0x00007fb5a5857800 nmethod 1876 0x00000001160dedd0 code [0x00000001160defa0, 0x00000001160dfa18]
Event: 8.505 Thread 0x00007fb5a5857800 1882       1       javax.swing.JSpinner::getEditor (5 bytes)
Event: 8.506 Thread 0x00007fb5a5857800 nmethod 1882 0x00000001160dfdd0 code [0x00000001160dff20, 0x00000001160e0030]

GC Heap History (4 events):
Event: 6.817 GC heap before
{Heap before GC invocations=1 (full 0):
 PSYoungGen      total 18944K, used 16384K [0x00000007aab00000, 0x00000007ac000000, 0x00000007c0000000)
  eden space 16384K, 100% used [0x00000007aab00000,0x00000007abb00000,0x00000007abb00000)
  from space 2560K, 0% used [0x00000007abd80000,0x00000007abd80000,0x00000007ac000000)
  to   space 2560K, 0% used [0x00000007abb00000,0x00000007abb00000,0x00000007abd80000)
 ParOldGen       total 44032K, used 0K [0x0000000780000000, 0x0000000782b00000, 0x00000007aab00000)
  object space 44032K, 0% used [0x0000000780000000,0x0000000780000000,0x0000000782b00000)
 Metaspace       used 15233K, capacity 15630K, committed 15872K, reserved 1062912K
  class space    used 2078K, capacity 2201K, committed 2304K, reserved 1048576K
Event: 6.829 GC heap after
Heap after GC invocations=1 (full 0):
 PSYoungGen      total 18944K, used 2544K [0x00000007aab00000, 0x00000007ac000000, 0x00000007c0000000)
  eden space 16384K, 0% used [0x00000007aab00000,0x00000007aab00000,0x00000007abb00000)
  from space 2560K, 99% used [0x00000007abb00000,0x00000007abd7c030,0x00000007abd80000)
  to   space 2560K, 0% used [0x00000007abd80000,0x00000007abd80000,0x00000007ac000000)
 ParOldGen       total 44032K, used 1055K [0x0000000780000000, 0x0000000782b00000, 0x00000007aab00000)
  object space 44032K, 2% used [0x0000000780000000,0x0000000780107c48,0x0000000782b00000)
 Metaspace       used 15233K, capacity 15630K, committed 15872K, reserved 1062912K
  class space    used 2078K, capacity 2201K, committed 2304K, reserved 1048576K
}
Event: 7.635 GC heap before
{Heap before GC invocations=2 (full 0):
 PSYoungGen      total 18944K, used 18928K [0x00000007aab00000, 0x00000007ac000000, 0x00000007c0000000)
  eden space 16384K, 100% used [0x00000007aab00000,0x00000007abb00000,0x00000007abb00000)
  from space 2560K, 99% used [0x00000007abb00000,0x00000007abd7c030,0x00000007abd80000)
  to   space 2560K, 0% used [0x00000007abd80000,0x00000007abd80000,0x00000007ac000000)
 ParOldGen       total 44032K, used 1055K [0x0000000780000000, 0x0000000782b00000, 0x00000007aab00000)
  object space 44032K, 2% used [0x0000000780000000,0x0000000780107c48,0x0000000782b00000)
 Metaspace       used 17468K, capacity 18012K, committed 18176K, reserved 1064960K
  class space    used 2359K, capacity 2526K, committed 2560K, reserved 1048576K
Event: 7.647 GC heap after
Heap after GC invocations=2 (full 0):
 PSYoungGen      total 18944K, used 2528K [0x00000007aab00000, 0x00000007ac000000, 0x00000007c0000000)
  eden space 16384K, 0% used [0x00000007aab00000,0x00000007aab00000,0x00000007abb00000)
  from space 2560K, 98% used [0x00000007abd80000,0x00000007abff8020,0x00000007ac000000)
  to   space 2560K, 0% used [0x00000007abb00000,0x00000007abb00000,0x00000007abd80000)
 ParOldGen       total 44032K, used 5757K [0x0000000780000000, 0x0000000782b00000, 0x00000007aab00000)
  object space 44032K, 13% used [0x0000000780000000,0x000000078059f708,0x0000000782b00000)
 Metaspace       used 17468K, capacity 18012K, committed 18176K, reserved 1064960K
  class space    used 2359K, capacity 2526K, committed 2560K, reserved 1048576K
}

Deoptimization events (10 events):
Event: 7.825 Thread 0x00007fb5a6b58000 Uncommon trap: reason=unstable_if action=reinterpret pc=0x00000001160840e0 method=java.awt.image.AreaAveragingScaleFilter.accumPixels(IIIILjava/awt/image/ColorModel;Ljava/lang/Object;II)V @ 4
Event: 7.825 Thread 0x00007fb5a6b58000 Uncommon trap: reason=unstable_if action=reinterpret pc=0x0000000115d69710 method=java.awt.image.DirectColorModel.getAlpha(I)I @ 4
Event: 7.825 Thread 0x00007fb5a6b58000 Uncommon trap: reason=unstable_if action=reinterpret pc=0x0000000115d586fc method=java.awt.image.DirectColorModel.getAlpha(I)I @ 4
Event: 7.826 Thread 0x00007fb5a6b58000 Uncommon trap: reason=unstable_if action=reinterpret pc=0x00000001160803ec method=java.awt.image.DirectColorModel.getAlpha(I)I @ 4
Event: 7.827 Thread 0x00007fb5a6b58000 Uncommon trap: reason=unstable_if action=reinterpret pc=0x0000000115cdded4 method=java.lang.Math.round(F)I @ 23
Event: 7.951 Thread 0x00007fb5a6b58000 Uncommon trap: reason=unstable_if action=reinterpret pc=0x00000001160bdac0 method=sun.awt.image.PNGImageDecoder.produceImage()V @ 867
Event: 8.066 Thread 0x00007fb5a5084000 Uncommon trap: reason=unstable_if action=reinterpret pc=0x0000000115f54f30 method=java.security.AccessControlContext.optimize()Ljava/security/AccessControlContext; @ 220
Event: 8.187 Thread 0x00007fb5a6b2a000 Uncommon trap: reason=unstable_if action=reinterpret pc=0x0000000115fb3934 method=java.awt.Component.isValid()Z @ 11
Event: 8.189 Thread 0x00007fb5a6b2a000 Uncommon trap: reason=unstable_if action=reinterpret pc=0x0000000115f128ec method=java.security.AccessControlContext.combine([Ljava/security/ProtectionDomain;[Ljava/security/ProtectionDomain;)[Ljava/security/ProtectionDomain; @ 151
Event: 8.488 Thread 0x00007fb5a6970000 Uncommon trap: reason=unstable_if action=reinterpret pc=0x00000001160187cc method=java.util.concurrent.locks.ReentrantLock$Sync.tryRelease(I)Z @ 28

Classes redefined (0 events):
No events

Internal exceptions (10 events):
Event: 0.389 Thread 0x00007fb5a6802000 Exception <a 'java/lang/NoSuchFieldError': method resolution failed> (0x00000007aaced5f0) thrown at [/Users/java_re/workspace/8-2-build-macosx-x86_64/jdk8u181/11358/hotspot/src/share/vm/prims/methodHandles.cpp, line 1167]
Event: 0.394 Thread 0x00007fb5a6802000 Exception <a 'java/lang/NoSuchFieldError': method resolution failed> (0x00000007aacfa9e8) thrown at [/Users/java_re/workspace/8-2-build-macosx-x86_64/jdk8u181/11358/hotspot/src/share/vm/prims/methodHandles.cpp, line 1167]
Event: 0.453 Thread 0x00007fb5a6802000 Exception <a 'java/security/PrivilegedActionException'> (0x00000007aad88330) thrown at [/Users/java_re/workspace/8-2-build-macosx-x86_64/jdk8u181/11358/hotspot/src/share/vm/prims/jvm.cpp, line 1435]
Event: 0.453 Thread 0x00007fb5a6802000 Exception <a 'java/security/PrivilegedActionException'> (0x00000007aad88540) thrown at [/Users/java_re/workspace/8-2-build-macosx-x86_64/jdk8u181/11358/hotspot/src/share/vm/prims/jvm.cpp, line 1435]
Event: 0.454 Thread 0x00007fb5a6802000 Exception <a 'java/security/PrivilegedActionException'> (0x00000007aad8b870) thrown at [/Users/java_re/workspace/8-2-build-macosx-x86_64/jdk8u181/11358/hotspot/src/share/vm/prims/jvm.cpp, line 1435]
Event: 0.454 Thread 0x00007fb5a6802000 Exception <a 'java/security/PrivilegedActionException'> (0x00000007aad8ba80) thrown at [/Users/java_re/workspace/8-2-build-macosx-x86_64/jdk8u181/11358/hotspot/src/share/vm/prims/jvm.cpp, line 1435]
Event: 0.454 Thread 0x00007fb5a6802000 Exception <a 'java/lang/NullPointerException'> (0x00000007aad8c270) thrown at [/Users/java_re/workspace/8-2-build-macosx-x86_64/jdk8u181/11358/hotspot/src/share/vm/interpreter/linkResolver.cpp, line 1185]
Event: 2.143 Thread 0x00007fb5a6970000 Exception <a 'java/io/FileNotFoundException'> (0x00000007ab4c7cd8) thrown at [/Users/java_re/workspace/8-2-build-macosx-x86_64/jdk8u181/11358/hotspot/src/share/vm/prims/jni.cpp, line 709]
Event: 2.143 Thread 0x00007fb5a6970000 Exception <a 'java/io/FileNotFoundException'> (0x00000007ab4c8848) thrown at [/Users/java_re/workspace/8-2-build-macosx-x86_64/jdk8u181/11358/hotspot/src/share/vm/prims/jni.cpp, line 709]
Event: 8.489 Thread 0x00007fb5a6802000 Exception <a 'java/lang/reflect/InvocationTargetException'> (0x00000007ab38ab38) thrown at [/Users/java_re/workspace/8-2-build-macosx-x86_64/jdk8u181/11358/hotspot/src/share/vm/runtime/reflection.cpp, line 1092]

Events (10 events):
Event: 8.514 loading class java/util/regex/Pattern$1
Event: 8.514 loading class java/util/regex/Pattern$1 done
Event: 8.514 loading class java/util/regex/Pattern$5
Event: 8.514 loading class java/util/regex/Pattern$5 done
Event: 8.515 loading class java/util/Formatter$FixedString
Event: 8.521 Thread 0x00007fb5a6970000 Thread exited: 0x00007fb5a6970000
Event: 8.521 loading class java/util/Formatter$FormatString
Event: 8.521 loading class java/util/Formatter$FormatString done
Event: 8.521 loading class java/util/Formatter$FixedString done
Event: 8.521 loading class java/util/Formatter$FormatSpecifier


Dynamic libraries:
0x00007fff4eb1f000 	/System/Library/Frameworks/Cocoa.framework/Versions/A/Cocoa
0x00007fff5aea3000 	/System/Library/Frameworks/Security.framework/Versions/A/Security
0x00007fff4d7c0000 	/System/Library/Frameworks/ApplicationServices.framework/Versions/A/ApplicationServices
0x00007fff767d6000 	/usr/lib/libz.1.dylib
0x00007fff74771000 	/usr/lib/libSystem.B.dylib
0x00007fff75deb000 	/usr/lib/libobjc.A.dylib
0x00007fff4f2c1000 	/System/Library/Frameworks/CoreFoundation.framework/Versions/A/CoreFoundation
0x00007fff513ec000 	/System/Library/Frameworks/Foundation.framework/Versions/C/Foundation
0x00007fff4c913000 	/System/Library/Frameworks/AppKit.framework/Versions/C/AppKit
0x00007fff4ee95000 	/System/Library/Frameworks/CoreData.framework/Versions/A/CoreData
0x00007fff6e200000 	/System/Library/PrivateFrameworks/RemoteViewServices.framework/Versions/A/RemoteViewServices
0x00007fff72818000 	/System/Library/PrivateFrameworks/UIFoundation.framework/Versions/A/UIFoundation
0x00007fff63346000 	/System/Library/PrivateFrameworks/DFRFoundation.framework/Versions/A/DFRFoundation
0x00007fff5382b000 	/System/Library/Frameworks/Metal.framework/Versions/A/Metal
0x00007fff634e8000 	/System/Library/PrivateFrameworks/DesktopServicesPriv.framework/Versions/A/DesktopServicesPriv
0x00007fff753ee000 	/usr/lib/libenergytrace.dylib
0x00007fff70950000 	/System/Library/PrivateFrameworks/SkyLight.framework/Versions/A/SkyLight
0x00007fff4f75b000 	/System/Library/Frameworks/CoreGraphics.framework/Versions/A/CoreGraphics
0x00007fff7476c000 	/usr/lib/libScreenReader.dylib
0x00007fff4b652000 	/System/Library/Frameworks/Accelerate.framework/Versions/A/Accelerate
0x00007fff51b60000 	/System/Library/Frameworks/IOSurface.framework/Versions/A/IOSurface
0x00007fff4dd0a000 	/System/Library/Frameworks/AudioToolbox.framework/Versions/A/AudioToolbox
0x00007fff4df94000 	/System/Library/Frameworks/AudioUnit.framework/Versions/A/AudioUnit
0x00007fff633e3000 	/System/Library/PrivateFrameworks/DataDetectorsCore.framework/Versions/A/DataDetectorsCore
0x00007fff4e628000 	/System/Library/Frameworks/Carbon.framework/Versions/A/Frameworks/HIToolbox.framework/Versions/A/HIToolbox
0x00007fff75548000 	/usr/lib/libicucore.A.dylib
0x00007fff5a42b000 	/System/Library/Frameworks/QuartzCore.framework/Versions/A/QuartzCore
0x00007fff4ea0d000 	/System/Library/Frameworks/Carbon.framework/Versions/A/Frameworks/SpeechRecognition.framework/Versions/A/SpeechRecognition
0x00007fff7494f000 	/usr/lib/libauto.dylib
0x00007fff766c5000 	/usr/lib/libxml2.2.dylib
0x00007fff62fd2000 	/System/Library/PrivateFrameworks/CoreUI.framework/Versions/A/CoreUI
0x00007fff4ed71000 	/System/Library/Frameworks/CoreAudio.framework/Versions/A/CoreAudio
0x00007fff51226000 	/System/Library/Frameworks/DiskArbitration.framework/Versions/A/DiskArbitration
0x00007fff757bc000 	/usr/lib/liblangid.dylib
0x00007fff6a784000 	/System/Library/PrivateFrameworks/MultitouchSupport.framework/Versions/A/MultitouchSupport
0x00007fff51ac3000 	/System/Library/Frameworks/IOKit.framework/Versions/A/IOKit
0x00007fff74408000 	/usr/lib/libDiagnosticMessagesClient.dylib
0x00007fff50419000 	/System/Library/Frameworks/CoreServices.framework/Versions/A/CoreServices
0x00007fff6c20e000 	/System/Library/PrivateFrameworks/PerformanceAnalysis.framework/Versions/A/PerformanceAnalysis
0x00007fff595c9000 	/System/Library/Frameworks/OpenGL.framework/Versions/A/OpenGL
0x00007fff4eb2d000 	/System/Library/Frameworks/ColorSync.framework/Versions/A/ColorSync
0x00007fff4fd87000 	/System/Library/Frameworks/CoreImage.framework/Versions/A/CoreImage
0x00007fff50d98000 	/System/Library/Frameworks/CoreText.framework/Versions/A/CoreText
0x00007fff51bbb000 	/System/Library/Frameworks/ImageIO.framework/Versions/A/ImageIO
0x00007fff5f8a4000 	/System/Library/PrivateFrameworks/Backup.framework/Versions/A/Backup
0x00007fff7481d000 	/usr/lib/libarchive.2.dylib
0x00007fff4e2aa000 	/System/Library/Frameworks/CFNetwork.framework/Versions/A/CFNetwork
0x00007fff5b61e000 	/System/Library/Frameworks/SystemConfiguration.framework/Versions/A/SystemConfiguration
0x00007fff74331000 	/usr/lib/libCRFSuite.dylib
0x00007fff74a24000 	/usr/lib/libc++.1.dylib
0x00007fff74a7b000 	/usr/lib/libc++abi.dylib
0x00007fff76885000 	/usr/lib/system/libcache.dylib
0x00007fff7688a000 	/usr/lib/system/libcommonCrypto.dylib
0x00007fff76895000 	/usr/lib/system/libcompiler_rt.dylib
0x00007fff7689d000 	/usr/lib/system/libcopyfile.dylib
0x00007fff768a6000 	/usr/lib/system/libcorecrypto.dylib
0x00007fff769b1000 	/usr/lib/system/libdispatch.dylib
0x00007fff769eb000 	/usr/lib/system/libdyld.dylib
0x00007fff76a09000 	/usr/lib/system/libkeymgr.dylib
0x00007fff76a17000 	/usr/lib/system/liblaunch.dylib
0x00007fff76a18000 	/usr/lib/system/libmacho.dylib
0x00007fff76a1d000 	/usr/lib/system/libquarantine.dylib
0x00007fff76a20000 	/usr/lib/system/libremovefile.dylib
0x00007fff76a22000 	/usr/lib/system/libsystem_asl.dylib
0x00007fff76a3a000 	/usr/lib/system/libsystem_blocks.dylib
0x00007fff76a3b000 	/usr/lib/system/libsystem_c.dylib
0x00007fff76ac5000 	/usr/lib/system/libsystem_configuration.dylib
0x00007fff76ac9000 	/usr/lib/system/libsystem_coreservices.dylib
0x00007fff76acd000 	/usr/lib/system/libsystem_darwin.dylib
0x00007fff76acf000 	/usr/lib/system/libsystem_dnssd.dylib
0x00007fff76ad6000 	/usr/lib/system/libsystem_info.dylib
0x00007fff76b46000 	/usr/lib/system/libsystem_m.dylib
0x00007fff76b92000 	/usr/lib/system/libsystem_malloc.dylib
0x00007fff76bb2000 	/usr/lib/system/libsystem_network.dylib
0x00007fff76c56000 	/usr/lib/system/libsystem_networkextension.dylib
0x00007fff76c61000 	/usr/lib/system/libsystem_notify.dylib
0x00007fff76c7f000 	/usr/lib/system/libsystem_sandbox.dylib
0x00007fff76c83000 	/usr/lib/system/libsystem_secinit.dylib
0x00007fff76b20000 	/usr/lib/system/libsystem_kernel.dylib
0x00007fff76c6b000 	/usr/lib/system/libsystem_platform.dylib
0x00007fff76c73000 	/usr/lib/system/libsystem_pthread.dylib
0x00007fff76c85000 	/usr/lib/system/libsystem_symptoms.dylib
0x00007fff76c8d000 	/usr/lib/system/libsystem_trace.dylib
0x00007fff76ca2000 	/usr/lib/system/libunwind.dylib
0x00007fff76ca8000 	/usr/lib/system/libxpc.dylib
0x00007fff7425f000 	/usr/lib/closure/libclosured.dylib
0x00007fff74a05000 	/usr/lib/libbsm.0.dylib
0x00007fff76a0a000 	/usr/lib/system/libkxld.dylib
0x00007fff74642000 	/usr/lib/libOpenScriptingUtil.dylib
0x00007fff74d70000 	/usr/lib/libcoretls.dylib
0x00007fff74d89000 	/usr/lib/libcoretls_cfhelpers.dylib
0x00007fff761ef000 	/usr/lib/libpam.2.dylib
0x00007fff76316000 	/usr/lib/libsqlite3.dylib
0x00007fff766b4000 	/usr/lib/libxar.1.dylib
0x00007fff74a16000 	/usr/lib/libbz2.1.0.dylib
0x00007fff757be000 	/usr/lib/liblzma.5.dylib
0x00007fff75c9f000 	/usr/lib/libnetwork.dylib
0x00007fff74806000 	/usr/lib/libapple_nghttp2.dylib
0x00007fff761f6000 	/usr/lib/libpcap.A.dylib
0x00007fff74950000 	/usr/lib/libboringssl.dylib
0x00007fff76676000 	/usr/lib/libusrtcp.dylib
0x00007fff74805000 	/usr/lib/libapple_crypto.dylib
0x00007fff5079c000 	/System/Library/Frameworks/CoreServices.framework/Versions/A/Frameworks/FSEvents.framework/Versions/A/FSEvents
0x00007fff5048f000 	/System/Library/Frameworks/CoreServices.framework/Versions/A/Frameworks/CarbonCore.framework/Versions/A/CarbonCore
0x00007fff5095d000 	/System/Library/Frameworks/CoreServices.framework/Versions/A/Frameworks/Metadata.framework/Versions/A/Metadata
0x00007fff50a0d000 	/System/Library/Frameworks/CoreServices.framework/Versions/A/Frameworks/OSServices.framework/Versions/A/OSServices
0x00007fff50a6b000 	/System/Library/Frameworks/CoreServices.framework/Versions/A/Frameworks/SearchKit.framework/Versions/A/SearchKit
0x00007fff5041a000 	/System/Library/Frameworks/CoreServices.framework/Versions/A/Frameworks/AE.framework/Versions/A/AE
0x00007fff507a5000 	/System/Library/Frameworks/CoreServices.framework/Versions/A/Frameworks/LaunchServices.framework/Versions/A/LaunchServices
0x00007fff50767000 	/System/Library/Frameworks/CoreServices.framework/Versions/A/Frameworks/DictionaryServices.framework/Versions/A/DictionaryServices
0x00007fff50ada000 	/System/Library/Frameworks/CoreServices.framework/Versions/A/Frameworks/SharedFileList.framework/Versions/A/SharedFileList
0x00007fff549e8000 	/System/Library/Frameworks/NetFS.framework/Versions/A/NetFS
0x00007fff6aa10000 	/System/Library/PrivateFrameworks/NetAuth.framework/Versions/A/NetAuth
0x00007fff740f9000 	/System/Library/PrivateFrameworks/login.framework/Versions/A/Frameworks/loginsupport.framework/Versions/A/loginsupport
0x00007fff7249e000 	/System/Library/PrivateFrameworks/TCC.framework/Versions/A/TCC
0x00007fff7589f000 	/usr/lib/libmecabra.dylib
0x00007fff4d7c1000 	/System/Library/Frameworks/ApplicationServices.framework/Versions/A/Frameworks/ATS.framework/Versions/A/ATS
0x00007fff4db6f000 	/System/Library/Frameworks/ApplicationServices.framework/Versions/A/Frameworks/ColorSyncLegacy.framework/Versions/A/ColorSyncLegacy
0x00007fff4dc13000 	/System/Library/Frameworks/ApplicationServices.framework/Versions/A/Frameworks/HIServices.framework/Versions/A/HIServices
0x00007fff4dc66000 	/System/Library/Frameworks/ApplicationServices.framework/Versions/A/Frameworks/LangAnalysis.framework/Versions/A/LangAnalysis
0x00007fff4dc75000 	/System/Library/Frameworks/ApplicationServices.framework/Versions/A/Frameworks/PrintCore.framework/Versions/A/PrintCore
0x00007fff4dcc2000 	/System/Library/Frameworks/ApplicationServices.framework/Versions/A/Frameworks/QD.framework/Versions/A/QD
0x00007fff4dcfd000 	/System/Library/Frameworks/ApplicationServices.framework/Versions/A/Frameworks/SpeechSynthesis.framework/Versions/A/SpeechSynthesis
0x00007fff4f1f5000 	/System/Library/Frameworks/CoreDisplay.framework/Versions/A/CoreDisplay
0x00007fff4b66b000 	/System/Library/Frameworks/Accelerate.framework/Versions/A/Frameworks/vImage.framework/Versions/A/vImage
0x00007fff4c629000 	/System/Library/Frameworks/Accelerate.framework/Versions/A/Frameworks/vecLib.framework/Versions/A/vecLib
0x00007fff4c3ff000 	/System/Library/Frameworks/Accelerate.framework/Versions/A/Frameworks/vecLib.framework/Versions/A/libvDSP.dylib
0x00007fff4bf5c000 	/System/Library/Frameworks/Accelerate.framework/Versions/A/Frameworks/vecLib.framework/Versions/A/libBNNS.dylib
0x00007fff4c387000 	/System/Library/Frameworks/Accelerate.framework/Versions/A/Frameworks/vecLib.framework/Versions/A/libQuadrature.dylib
0x00007fff4c573000 	/System/Library/Frameworks/Accelerate.framework/Versions/A/Frameworks/vecLib.framework/Versions/A/libvMisc.dylib
0x00007fff4bf96000 	/System/Library/Frameworks/Accelerate.framework/Versions/A/Frameworks/vecLib.framework/Versions/A/libLAPACK.dylib
0x00007fff4bdba000 	/System/Library/Frameworks/Accelerate.framework/Versions/A/Frameworks/vecLib.framework/Versions/A/libBLAS.dylib
0x00007fff4c370000 	/System/Library/Frameworks/Accelerate.framework/Versions/A/Frameworks/vecLib.framework/Versions/A/libLinearAlgebra.dylib
0x00007fff4c38d000 	/System/Library/Frameworks/Accelerate.framework/Versions/A/Frameworks/vecLib.framework/Versions/A/libSparse.dylib
0x00007fff4c3ec000 	/System/Library/Frameworks/Accelerate.framework/Versions/A/Frameworks/vecLib.framework/Versions/A/libSparseBLAS.dylib
0x00007fff69139000 	/System/Library/PrivateFrameworks/IOAccelerator.framework/Versions/A/IOAccelerator
0x00007fff69144000 	/System/Library/PrivateFrameworks/IOPresentment.framework/Versions/A/IOPresentment
0x00007fff63358000 	/System/Library/PrivateFrameworks/DSExternalDisplay.framework/Versions/A/DSExternalDisplay
0x00007fff58a4c000 	/System/Library/Frameworks/OpenGL.framework/Versions/A/Libraries/libCoreFSCache.dylib
0x00007fff50ee7000 	/System/Library/Frameworks/CoreVideo.framework/Versions/A/CoreVideo
0x00007fff6879d000 	/System/Library/PrivateFrameworks/GraphVisualizer.framework/Versions/A/GraphVisualizer
0x00007fff539dd000 	/System/Library/Frameworks/MetalPerformanceShaders.framework/Versions/A/MetalPerformanceShaders
0x00007fff74440000 	/usr/lib/libFosl_dynamic.dylib
0x00007fff6436f000 	/System/Library/PrivateFrameworks/FaceCore.framework/Versions/A/FaceCore
0x00007fff57854000 	/System/Library/Frameworks/OpenCL.framework/Versions/A/OpenCL
0x00007fff74ab2000 	/usr/lib/libcompression.dylib
0x00007fff4d8c0000 	/System/Library/Frameworks/ApplicationServices.framework/Versions/A/Frameworks/ATS.framework/Versions/A/Resources/libFontParser.dylib
0x00007fff4d9e3000 	/System/Library/Frameworks/ApplicationServices.framework/Versions/A/Frameworks/ATS.framework/Versions/A/Resources/libFontRegistry.dylib
0x00007fff51e1f000 	/System/Library/Frameworks/ImageIO.framework/Versions/A/Resources/libJPEG.dylib
0x00007fff52149000 	/System/Library/Frameworks/ImageIO.framework/Versions/A/Resources/libTIFF.dylib
0x00007fff5211f000 	/System/Library/Frameworks/ImageIO.framework/Versions/A/Resources/libPng.dylib
0x00007fff51d32000 	/System/Library/Frameworks/ImageIO.framework/Versions/A/Resources/libGIF.dylib
0x00007fff51d37000 	/System/Library/Frameworks/ImageIO.framework/Versions/A/Resources/libJP2.dylib
0x00007fff52146000 	/System/Library/Frameworks/ImageIO.framework/Versions/A/Resources/libRadiance.dylib
0x00007fff5f032000 	/System/Library/PrivateFrameworks/AppleJPEG.framework/Versions/A/AppleJPEG
0x00007fff6a4ee000 	/System/Library/PrivateFrameworks/MetalTools.framework/Versions/A/MetalTools
0x00007fff538c5000 	/System/Library/Frameworks/MetalPerformanceShaders.framework/Frameworks/MPSCore.framework/Versions/A/MPSCore
0x00007fff538db000 	/System/Library/Frameworks/MetalPerformanceShaders.framework/Frameworks/MPSImage.framework/Versions/A/MPSImage
0x00007fff53946000 	/System/Library/Frameworks/MetalPerformanceShaders.framework/Frameworks/MPSMatrix.framework/Versions/A/MPSMatrix
0x00007fff53966000 	/System/Library/Frameworks/MetalPerformanceShaders.framework/Frameworks/MPSNeuralNetwork.framework/Versions/A/MPSNeuralNetwork
0x00007fff58c13000 	/System/Library/Frameworks/OpenGL.framework/Versions/A/Libraries/libGLU.dylib
0x00007fff58a55000 	/System/Library/Frameworks/OpenGL.framework/Versions/A/Libraries/libGFXShared.dylib
0x00007fff58a5e000 	/System/Library/Frameworks/OpenGL.framework/Versions/A/Libraries/libGL.dylib
0x00007fff58a6a000 	/System/Library/Frameworks/OpenGL.framework/Versions/A/Libraries/libGLImage.dylib
0x00007fff58a49000 	/System/Library/Frameworks/OpenGL.framework/Versions/A/Libraries/libCVMSPluginSupport.dylib
0x00007fff58a50000 	/System/Library/Frameworks/OpenGL.framework/Versions/A/Libraries/libCoreVMClient.dylib
0x00007fff7525a000 	/usr/lib/libcups.2.dylib
0x00007fff52ecd000 	/System/Library/Frameworks/Kerberos.framework/Versions/A/Kerberos
0x00007fff5181f000 	/System/Library/Frameworks/GSS.framework/Versions/A/GSS
0x00007fff762aa000 	/usr/lib/libresolv.9.dylib
0x00007fff75456000 	/usr/lib/libiconv.2.dylib
0x00007fff68824000 	/System/Library/PrivateFrameworks/Heimdal.framework/Versions/A/Heimdal
0x00007fff75425000 	/usr/lib/libheimdal-asn1.dylib
0x00007fff578bf000 	/System/Library/Frameworks/OpenDirectory.framework/Versions/A/OpenDirectory
0x00007fff61284000 	/System/Library/PrivateFrameworks/CommonAuth.framework/Versions/A/CommonAuth
0x00007fff578a2000 	/System/Library/Frameworks/OpenDirectory.framework/Versions/A/Frameworks/CFOpenDirectory.framework/Versions/A/CFOpenDirectory
0x00007fff5b1bf000 	/System/Library/Frameworks/SecurityFoundation.framework/Versions/A/SecurityFoundation
0x00007fff5e253000 	/System/Library/PrivateFrameworks/APFS.framework/Versions/A/APFS
0x00007fff766b0000 	/usr/lib/libutil.dylib
0x00007fff5f0b5000 	/System/Library/PrivateFrameworks/AppleSauce.framework/Versions/A/AppleSauce
0x00007fff6990c000 	/System/Library/PrivateFrameworks/LinguisticData.framework/Versions/A/LinguisticData
0x00007fff757d8000 	/usr/lib/libmarisa.dylib
0x00007fff698c6000 	/System/Library/PrivateFrameworks/Lexicon.framework/Versions/A/Lexicon
0x00007fff7436b000 	/usr/lib/libChineseTokenizer.dylib
0x00007fff74aa1000 	/usr/lib/libcmph.dylib
0x00007fff697d0000 	/System/Library/PrivateFrameworks/LanguageModeling.framework/Versions/A/LanguageModeling
0x00007fff61c93000 	/System/Library/PrivateFrameworks/CoreEmoji.framework/Versions/A/CoreEmoji
0x00007fff5b277000 	/System/Library/Frameworks/ServiceManagement.framework/Versions/A/ServiceManagement
0x00007fff5f89c000 	/System/Library/PrivateFrameworks/BackgroundTaskManagement.framework/Versions/A/BackgroundTaskManagement
0x00007fff767ad000 	/usr/lib/libxslt.1.dylib
0x00007fff4e937000 	/System/Library/Frameworks/Carbon.framework/Versions/A/Frameworks/Ink.framework/Versions/A/Ink
0x00007fff726ac000 	/System/Library/PrivateFrameworks/TextureIO.framework/Versions/A/TextureIO
0x00007fff74848000 	/usr/lib/libate.dylib
0x00007fff632ba000 	/System/Library/PrivateFrameworks/CrashReporterSupport.framework/Versions/A/CrashReporterSupport
0x00007fff6fb28000 	/System/Library/PrivateFrameworks/Sharing.framework/Versions/A/Sharing
0x00007fff69519000 	/System/Library/PrivateFrameworks/IconServices.framework/Versions/A/IconServices
0x00007fff6e011000 	/System/Library/PrivateFrameworks/ProtocolBuffer.framework/Versions/A/ProtocolBuffer
0x00007fff5eebf000 	/System/Library/PrivateFrameworks/Apple80211.framework/Versions/A/Apple80211
0x00007fff50f22000 	/System/Library/Frameworks/CoreWLAN.framework/Versions/A/CoreWLAN
0x00007fff63107000 	/System/Library/PrivateFrameworks/CoreUtils.framework/Versions/A/CoreUtils
0x00007fff51960000 	/System/Library/Frameworks/IOBluetooth.framework/Versions/A/IOBluetooth
0x00007fff63255000 	/System/Library/PrivateFrameworks/CoreWiFi.framework/Versions/A/CoreWiFi
0x00007fff4ee6b000 	/System/Library/Frameworks/CoreBluetooth.framework/Versions/A/CoreBluetooth
0x00007fff6fc56000 	/System/Library/PrivateFrameworks/SignpostNotification.framework/Versions/A/SignpostNotification
0x00007fff634a7000 	/System/Library/PrivateFrameworks/DebugSymbols.framework/Versions/A/DebugSymbols
0x00007fff62ebe000 	/System/Library/PrivateFrameworks/CoreSymbolication.framework/Versions/A/CoreSymbolication
0x00007fff71f2f000 	/System/Library/PrivateFrameworks/Symbolication.framework/Versions/A/Symbolication
0x00007fff5eee9000 	/System/Library/PrivateFrameworks/AppleFSCompression.framework/Versions/A/AppleFSCompression
0x00007fff71395000 	/System/Library/PrivateFrameworks/SpeechRecognitionCore.framework/Versions/A/SpeechRecognitionCore
0x0000000109000000 	/Library/Java/JavaVirtualMachines/jdk1.8.0_181.jdk/Contents/Home/jre/lib/server/libjvm.dylib
0x00007fff765a8000 	/usr/lib/libstdc++.6.0.9.dylib
0x00000001087e4000 	/Library/Java/JavaVirtualMachines/jdk1.8.0_181.jdk/Contents/Home/jre/lib/libverify.dylib
0x0000000109fb4000 	/Library/Java/JavaVirtualMachines/jdk1.8.0_181.jdk/Contents/Home/jre/lib/libjava.dylib
0x000000010a02a000 	/Library/Java/JavaVirtualMachines/jdk1.8.0_181.jdk/Contents/Home/jre/lib/libzip.dylib
0x000000010fe68000 	/Library/Java/JavaVirtualMachines/jdk1.8.0_181.jdk/Contents/Home/jre/lib/libprism_es2.dylib
0x00007fff62b68000 	/System/Library/PrivateFrameworks/CoreServicesInternal.framework/Versions/A/CoreServicesInternal
0x00007fff595d8000 	/System/Library/Frameworks/OpenGL.framework/Versions/A/Resources/GLEngine.bundle/GLEngine
0x00007fff58aa6000 	/System/Library/Frameworks/OpenGL.framework/Versions/A/Libraries/libGLProgrammability.dylib
0x000000010ff11000 	/System/Library/Extensions/AppleIntelHD3000GraphicsGLDriver.bundle/Contents/MacOS/AppleIntelHD3000GraphicsGLDriver
0x00007fff67a4d000 	/System/Library/PrivateFrameworks/GPUSupport.framework/Versions/A/Libraries/libGPUSupport.dylib
0x00007fff59770000 	/System/Library/Frameworks/OpenGL.framework/Versions/A/Resources/GLRendererFloat.bundle/GLRendererFloat
0x00007fff5784b000 	/System/Library/Frameworks/OpenCL.framework/Versions/A/Libraries/libcldcpuengine.dylib
0x00007fff74f23000 	/usr/lib/libcrypto.35.dylib
0x00007fff72811000 	/System/Library/PrivateFrameworks/TrustEvaluationAgent.framework/Versions/A/TrustEvaluationAgent
0x00000001105ab000 	/Library/Java/JavaVirtualMachines/jdk1.8.0_181.jdk/Contents/Home/jre/lib/libglass.dylib
0x00007fff47ad4000 	/System/Library/CoreServices/RawCamera.bundle/Contents/MacOS/RawCamera
0x00007fff6a55d000 	/System/Library/PrivateFrameworks/MobileAsset.framework/Versions/A/MobileAsset
0x00007fff71837000 	/System/Library/PrivateFrameworks/StreamingZip.framework/Versions/A/StreamingZip
0x00007fff5322d000 	/System/Library/Frameworks/MediaToolbox.framework/Versions/A/MediaToolbox
0x00007fff618fc000 	/System/Library/PrivateFrameworks/CoreAVCHD.framework/Versions/A/CoreAVCHD
0x00007fff5319a000 	/System/Library/Frameworks/MediaAccessibility.framework/Versions/A/MediaAccessibility
0x00007fff6a122000 	/System/Library/PrivateFrameworks/Mangrove.framework/Versions/A/Mangrove
0x00007fff502ee000 	/System/Library/Frameworks/CoreMedia.framework/Versions/A/CoreMedia
0x00007fff5b843000 	/System/Library/Frameworks/VideoToolbox.framework/Versions/A/VideoToolbox
0x00007fff6151b000 	/System/Library/PrivateFrameworks/CoreAUC.framework/Versions/A/CoreAUC
0x00007fff76314000 	/usr/lib/libspindump.dylib
0x00007fff75332000 	/usr/lib/libdscsym.dylib
0x00007fff5f1aa000 	/System/Library/PrivateFrameworks/AppleVA.framework/Versions/A/AppleVA
0x00007fff4b653000 	/System/Library/Frameworks/Accelerate.framework/Versions/A/Frameworks/vImage.framework/Versions/A/Libraries/libCGInterfaces.dylib
0x00007fff647a7000 	/System/Library/PrivateFrameworks/FamilyControls.framework/Versions/A/FamilyControls
0x00007fff61278000 	/System/Library/PrivateFrameworks/CommerceKit.framework/Versions/A/Frameworks/CommerceCore.framework/Versions/A/CommerceCore
0x00007fff72274000 	/System/Library/PrivateFrameworks/SystemAdministration.framework/Versions/A/SystemAdministration
0x00007fff5ee73000 	/System/Library/PrivateFrameworks/AppContainer.framework/Versions/A/AppContainer
0x00007fff6f9ce000 	/System/Library/PrivateFrameworks/SecCodeWrapper.framework/Versions/A/SecCodeWrapper
0x00007fff637d5000 	/System/Library/PrivateFrameworks/DiskManagement.framework/Versions/A/DiskManagement
0x00007fff51139000 	/System/Library/Frameworks/DirectoryService.framework/Versions/A/DirectoryService
0x00007fff63702000 	/System/Library/PrivateFrameworks/DiskImages.framework/Versions/A/DiskImages
0x00007fff699f8000 	/System/Library/PrivateFrameworks/LoginUIKit.framework/Versions/A/Frameworks/LoginUICore.framework/Versions/A/LoginUICore
0x00007fff74377000 	/usr/lib/libCoreStorage.dylib
0x00007fff7524e000 	/usr/lib/libcsfde.dylib
0x00007fff761dd000 	/usr/lib/libodfde.dylib
0x00007fff6a23e000 	/System/Library/PrivateFrameworks/MediaKit.framework/Versions/A/MediaKit
0x00007fff51145000 	/System/Library/Frameworks/DiscRecording.framework/Versions/A/DiscRecording
0x00007fff638de000 	/System/Library/PrivateFrameworks/EFILogin.framework/Versions/A/EFILogin
0x00007fff6dfc1000 	/System/Library/PrivateFrameworks/ProtectedCloudStorage.framework/Versions/A/ProtectedCloudStorage
0x00007fff752db000 	/usr/lib/libcurl.4.dylib
0x00007fff76502000 	/usr/lib/libssl.35.dylib
0x00007fff52ee7000 	/System/Library/Frameworks/LDAP.framework/Versions/A/LDAP
0x00007fff76301000 	/usr/lib/libsasl2.2.dylib
0x00007fff61b26000 	/System/Library/PrivateFrameworks/CoreDaemon.framework/Versions/B/CoreDaemon
0x00007fff5f0ac000 	/System/Library/PrivateFrameworks/AppleSRP.framework/Versions/A/AppleSRP
0x0000000111dd4000 	/Library/Java/JavaVirtualMachines/jdk1.8.0_181.jdk/Contents/Home/jre/lib/libawt.dylib
0x0000000111e7e000 	/Library/Java/JavaVirtualMachines/jdk1.8.0_181.jdk/Contents/Home/jre/lib/./libmlib_image.dylib
0x00007fff52eb6000 	/System/Library/Frameworks/JavaVM.framework/Versions/A/Frameworks/JavaNativeFoundation.framework/Versions/A/JavaNativeFoundation
0x00007fff52ebf000 	/System/Library/Frameworks/JavaVM.framework/Versions/A/Frameworks/JavaRuntimeSupport.framework/Versions/A/JavaRuntimeSupport
0x00007fff52ec8000 	/System/Library/Frameworks/JavaVM.framework/Versions/A/JavaVM
0x00007fff696d3000 	/System/Library/PrivateFrameworks/JavaLaunching.framework/Versions/A/JavaLaunching
0x00007fff4e623000 	/System/Library/Frameworks/Carbon.framework/Versions/A/Carbon
0x00007fff4e624000 	/System/Library/Frameworks/Carbon.framework/Versions/A/Frameworks/CommonPanels.framework/Versions/A/CommonPanels
0x00007fff4e92d000 	/System/Library/Frameworks/Carbon.framework/Versions/A/Frameworks/Help.framework/Versions/A/Help
0x00007fff4e931000 	/System/Library/Frameworks/Carbon.framework/Versions/A/Frameworks/ImageCapture.framework/Versions/A/ImageCapture
0x00007fff4e9cd000 	/System/Library/Frameworks/Carbon.framework/Versions/A/Frameworks/OpenScripting.framework/Versions/A/OpenScripting
0x00007fff4ea08000 	/System/Library/Frameworks/Carbon.framework/Versions/A/Frameworks/Print.framework/Versions/A/Print
0x00007fff4ea0a000 	/System/Library/Frameworks/Carbon.framework/Versions/A/Frameworks/SecurityHI.framework/Versions/A/SecurityHI
0x0000000111f4a000 	/Library/Java/JavaVirtualMachines/jdk1.8.0_181.jdk/Contents/Home/jre/lib/libawt_lwawt.dylib
0x0000000112004000 	/Library/Java/JavaVirtualMachines/jdk1.8.0_181.jdk/Contents/Home/jre/lib/./libosxapp.dylib
0x00007fff513c5000 	/System/Library/Frameworks/ExceptionHandling.framework/Versions/A/ExceptionHandling
0x00000001125cc000 	/Library/Java/JavaVirtualMachines/jdk1.8.0_181.jdk/Contents/Home/jre/lib/libfontmanager.dylib
0x0000000112020000 	/Library/Java/JavaVirtualMachines/jdk1.8.0_181.jdk/Contents/Home/jre/lib/libosxui.dylib
0x0000000113685000 	/Library/Java/JavaVirtualMachines/jdk1.8.0_181.jdk/Contents/Home/jre/lib/libnet.dylib
0x000000011369c000 	/Library/Java/JavaVirtualMachines/jdk1.8.0_181.jdk/Contents/Home/jre/lib/libnio.dylib
0x00007fff4dad2000 	/System/Library/Frameworks/ApplicationServices.framework/Versions/A/Frameworks/ATS.framework/Versions/A/Resources/libTrueTypeScaler.dylib
0x000000015a5b5000 	/Library/Java/JavaVirtualMachines/jdk1.8.0_181.jdk/Contents/Home/jre/lib/libjpeg.dylib

VM Arguments:
jvm_args: -Dfile.encoding=UTF-8 
java_command: /Users/macbook/Documents/Ayana/dist/run118994705/Ayana.jar
java_class_path (initial): /Users/macbook/Documents/Ayana/dist/run118994705/Ayana.jar
Launcher Type: SUN_STANDARD

Environment Variables:
PATH=/usr/bin:/bin:/usr/sbin:/sbin
LD_LIBRARY_PATH=/Library/Java/JavaVirtualMachines/jdk1.8.0_181.jdk/Contents/Home/jre/lib/amd64:/Library/Java/JavaVirtualMachines/jdk1.8.0_181.jdk/Contents/Home/jre/lib/i386:
SHELL=/bin/bash

Signal Handlers:
SIGSEGV: [libjvm.dylib+0x5b6029], sa_mask[0]=11111111011111110111111111111111, sa_flags=SA_ONSTACK|SA_RESTART|SA_SIGINFO
SIGBUS: [libjvm.dylib+0x5b6029], sa_mask[0]=11111111011111110111111111111111, sa_flags=SA_RESTART|SA_SIGINFO
SIGFPE: [libjvm.dylib+0x48b934], sa_mask[0]=11111111011111110111111111111111, sa_flags=SA_RESTART|SA_SIGINFO
SIGPIPE: [libjvm.dylib+0x48b934], sa_mask[0]=11111111011111110111111111111111, sa_flags=SA_RESTART|SA_SIGINFO
SIGXFSZ: [libjvm.dylib+0x48b934], sa_mask[0]=11111111011111110111111111111111, sa_flags=SA_RESTART|SA_SIGINFO
SIGILL: [libjvm.dylib+0x48b934], sa_mask[0]=11111111011111110111111111111111, sa_flags=SA_RESTART|SA_SIGINFO
SIGUSR1: SIG_DFL, sa_mask[0]=00000000000000000000000000000000, sa_flags=none
SIGUSR2: [libjvm.dylib+0x48b452], sa_mask[0]=00100000000000000000000000000000, sa_flags=SA_RESTART|SA_SIGINFO
SIGHUP: [libjvm.dylib+0x489a1d], sa_mask[0]=11111111011111110111111111111111, sa_flags=SA_RESTART|SA_SIGINFO
SIGINT: SIG_IGN, sa_mask[0]=00000000000000000000000000000000, sa_flags=none
SIGTERM: [libjvm.dylib+0x489a1d], sa_mask[0]=11111111011111110111111111111111, sa_flags=SA_RESTART|SA_SIGINFO
SIGQUIT: [libjvm.dylib+0x489a1d], sa_mask[0]=11111111011111110111111111111111, sa_flags=SA_RESTART|SA_SIGINFO


---------------  S Y S T E M  ---------------

OS:Bsduname:Darwin 17.2.0 Darwin Kernel Version 17.2.0: Fri Sep 29 18:27:05 PDT 2017; root:xnu-4570.20.62~3/RELEASE_X86_64 x86_64
rlimit: STACK 8192k, CORE 0k, NPROC 709, NOFILE 10240, AS infinity
load average:2.37 1.85 2.09

CPU:total 4 (initial active 4) (2 cores per cpu, 2 threads per core) family 6 model 42 stepping 7, cmov, cx8, fxsr, mmx, sse, sse2, sse3, ssse3, sse4.1, sse4.2, popcnt, avx, aes, clmul, ht, tsc, tscinvbit

Memory: 4k page, physical 4194304k(23824k free)

/proc/meminfo:


vm_info: Java HotSpot(TM) 64-Bit Server VM (25.181-b13) for bsd-amd64 JRE (1.8.0_181-b13), built on Jul  7 2018 01:02:31 by "java_re" with gcc 4.2.1 (Based on Apple Inc. build 5658) (LLVM build 2336.11.00)

time: Fri Jun 28 12:54:22 2019
elapsed time: 9 seconds (0d 0h 0m 9s)

